           1
          40          20
           1
   197472000000000.00        197472000000000.00     
 0.13013000000000E+04
  
 0.11073405680483E-94
 0.11246769975787E-94
 0.11421747868253E-94
 0.11617349064668E-94
 0.11807024068012E-94
 0.12018712712730E-94
 0.12203553039663E-94
 0.12436195024182E-94
 0.12653798018056E-94
 0.12920013611107E-94
 0.13175949815244E-94
 0.13464321282082E-94
 0.13770571859594E-94
 0.14113011719481E-94
 0.32800102039869E-17
 0.21761318496400E-15
 0.61800439561568E-15
 0.64966315585498E-15
 0.55225154508437E-15
 0.46878085240149E-15
 0.46895738806556E-15
 0.55199543948441E-15
 0.64963782217088E-15
 0.61810075023665E-15
 0.21793882987876E-15
 0.32913077084487E-17
 0.14141686336562E-94
 0.13772787689549E-94
 0.13469205285575E-94
 0.13189889054871E-94
 0.12930472279897E-94
 0.12662217326492E-94
 0.12434477062761E-94
 0.12198752066442E-94
 0.12007916682766E-94
 0.11802260867393E-94
 0.11619726949851E-94
 0.11428348808179E-94
 0.11255881294827E-94
 0.11090606599526E-94
 0.11063270120192E-94
 0.11228780079428E-94
 0.11398112838874E-94
 0.11583455495915E-94
 0.11756665547529E-94
 0.11953487693642E-94
 0.12124935978792E-94
 0.12344795469770E-94
 0.12559556682315E-94
 0.12807924408428E-94
 0.13042842051980E-94
 0.13270499945366E-94
 0.13478629386531E-94
 0.39325691720408E-15
 0.97661567085710E-15
 0.13746433325978E-14
 0.11364445862797E-14
 0.91961886891028E-15
 0.83715568259209E-15
 0.76490099178712E-15
 0.76429719654025E-15
 0.83700899759478E-15
 0.91919268458007E-15
 0.11362773424867E-14
 0.13737024073734E-14
 0.97761537317629E-15
 0.39389351754211E-15
 0.13514602435510E-94
 0.13293704170800E-94
 0.13042597594123E-94
 0.12796315172169E-94
 0.12542958177882E-94
 0.12341732069388E-94
 0.12123355737197E-94
 0.11964161582631E-94
 0.11769873494778E-94
 0.11596223410475E-94
 0.11409625282151E-94
 0.11237547546675E-94
 0.11070491161923E-94
 0.10994714957880E-94
 0.11152996060160E-94
 0.11306712760335E-94
 0.11484453333316E-94
 0.11652701479307E-94
 0.11838566611490E-94
 0.11995042753240E-94
 0.12188553531784E-94
 0.12367971170818E-94
 0.12556930172594E-94
 0.12706807888417E-16
 0.52978464010938E-15
 0.15544856324690E-14
 0.20736558059524E-14
 0.18440689761479E-14
 0.16613341778516E-14
 0.14526369229849E-14
 0.13430735404014E-14
 0.13261789922076E-14
 0.12265759598417E-14
 0.12296156220981E-14
 0.13224315384798E-14
 0.13432896025006E-14
 0.14516417852182E-14
 0.16591141034201E-14
 0.18396585541076E-14
 0.20681257964353E-14
 0.15519449483990E-14
 0.53028463358965E-15
 0.12827662753468E-16
 0.12584112021328E-94
 0.12402770779265E-94
 0.12206375348464E-94
 0.11999252506336E-94
 0.11817286504209E-94
 0.11634133334431E-94
 0.11476343379324E-94
 0.11303945147054E-94
 0.11146897754982E-94
 0.11007778708106E-94
 0.10899812781012E-94
 0.11041521124188E-94
 0.11183652955855E-94
 0.11362515747351E-94
 0.11507330347829E-94
 0.11661827563552E-94
 0.11783539726717E-94
 0.11901518535408E-94
 0.64957316979572E-17
 0.72406071088678E-15
 0.19808324483257E-14
 0.26972548903829E-14
 0.27507367818067E-14
 0.25473927321786E-14
 0.24133229172007E-14
 0.21252669767560E-14
 0.19327413993186E-14
 0.17768145406430E-14
 0.17225737026483E-14
 0.16342710851949E-14
 0.16410766674435E-14
 0.17225398098265E-14
 0.17765016702553E-14
 0.19359804535621E-14
 0.21276173003449E-14
 0.24107185976384E-14
 0.25390186067958E-14
 0.27438237292222E-14
 0.26883801456500E-14
 0.19801731988314E-14
 0.72707130236005E-15
 0.67205725040785E-17
 0.11922561045767E-94
 0.11820667492461E-94
 0.11702265494196E-94
 0.11530607093714E-94
 0.11363839568947E-94
 0.11187541584768E-94
 0.11034815176817E-94
 0.10882713766164E-94
 0.10778727392558E-94
 0.10909166762221E-94
 0.11034806562762E-94
 0.11160157312878E-94
 0.11254497755547E-94
 0.11300634867898E-94
 0.11195223690919E-94
 0.96661279838732E-15
 0.25066479345436E-14
 0.35311394531241E-14
 0.36069857413151E-14
 0.36400493041746E-14
 0.33202682582976E-14
 0.29630007127702E-14
 0.26581156807908E-14
 0.25153943297985E-14
 0.24012705496001E-14
 0.23382729148999E-14
 0.23547058263505E-14
 0.22541045512742E-14
 0.22622107805375E-14
 0.23535224919486E-14
 0.23438594868196E-14
 0.24140178947578E-14
 0.25193818004435E-14
 0.26545726290870E-14
 0.29469491356570E-14
 0.33257133000196E-14
 0.36311204443307E-14
 0.35955818420302E-14
 0.35256912967113E-14
 0.24995305516034E-14
 0.96096643944737E-15
 0.11190699699198E-94
 0.11305372385796E-94
 0.11284028687014E-94
 0.11202943565785E-94
 0.11064299585035E-94
 0.10938198222291E-94
 0.10798896148634E-94
 0.10614148510026E-94
 0.10694752359899E-94
 0.10748220238069E-94
 0.10716346955719E-94
 0.72635575857077E-16
 0.12049135811668E-14
 0.29865566110751E-14
 0.42451092434799E-14
 0.45878628921032E-14
 0.46105635408263E-14
 0.42933482227220E-14
 0.40023607921509E-14
 0.38274503777167E-14
 0.36186585201457E-14
 0.33918217931309E-14
 0.31656764584388E-14
 0.30133200578180E-14
 0.29550540038778E-14
 0.28916982645019E-14
 0.27979645400069E-14
 0.27954372539561E-14
 0.28777782855811E-14
 0.29614285628439E-14
 0.30219525584260E-14
 0.31572125324558E-14
 0.33813726972803E-14
 0.35871429769975E-14
 0.38234088607066E-14
 0.40022921945511E-14
 0.42818790166807E-14
 0.45825772548676E-14
 0.45736384943160E-14
 0.42482682699749E-14
 0.29759743269954E-14
 0.11996952834922E-14
 0.73127283169408E-16
 0.10727033366677E-94
 0.10774222944555E-94
 0.10728883757570E-94
 0.10637551338155E-94
 0.10261438769848E-94
 0.10156456793590E-94
 0.60586911090996E-16
 0.15053467373571E-14
 0.39054171998069E-14
 0.52112104187542E-14
 0.56974336941246E-14
 0.55871612108517E-14
 0.53883398699981E-14
 0.52837159358385E-14
 0.50002591186217E-14
 0.47028300487564E-14
 0.43558596430026E-14
 0.40272331436632E-14
 0.38670442915955E-14
 0.37388609955037E-14
 0.35748554634982E-14
 0.35917092624583E-14
 0.35477510951747E-14
 0.34740192954850E-14
 0.34639431719837E-14
 0.35465357834767E-14
 0.35974859612252E-14
 0.35970219381692E-14
 0.37432282304768E-14
 0.38604820276620E-14
 0.40137664983347E-14
 0.43273787902539E-14
 0.47063969472339E-14
 0.50054704597899E-14
 0.52694031307056E-14
 0.53743006494450E-14
 0.55876877925115E-14
 0.56948033761608E-14
 0.51960993100116E-14
 0.38941364837804E-14
 0.14997504482745E-14
 0.60954163113782E-16
 0.10167690991970E-94
 0.10279730845782E-94
 0.15532974617377E-15
 0.16386196166611E-14
 0.44906093300063E-14
 0.62227818770682E-14
 0.69477170411919E-14
 0.67067060022475E-14
 0.65655063312398E-14
 0.65612705059963E-14
 0.61553935957719E-14
 0.58489681746184E-14
 0.55247358876132E-14
 0.52138343918137E-14
 0.49994350341885E-14
 0.48153565688109E-14
 0.45681396922956E-14
 0.45458044218191E-14
 0.43563318961714E-14
 0.43175178741964E-14
 0.42245402740487E-14
 0.41420508390731E-14
 0.41357775630289E-14
 0.41986320212420E-14
 0.43131496507229E-14
 0.43678927140445E-14
 0.45437837934174E-14
 0.45819156851667E-14
 0.48332451455707E-14
 0.49942234508166E-14
 0.52375186608927E-14
 0.55346877914006E-14
 0.58295318343983E-14
 0.61452079118763E-14
 0.65533472958911E-14
 0.65719546834205E-14
 0.67246544570183E-14
 0.69061545135672E-14
 0.61821513329880E-14
 0.44713490946989E-14
 0.16267319618002E-14
 0.15367139513360E-15
 0.52542345698452E-14
 0.71456407119776E-14
 0.78892238498636E-14
 0.79039318308098E-14
 0.79909446331956E-14
 0.77552128260462E-14
 0.75484737265216E-14
 0.70772066640872E-14
 0.67935734448103E-14
 0.65726291970264E-14
 0.61297365085702E-14
 0.57803516258235E-14
 0.54396594155684E-14
 0.50667618192885E-14
 0.47722256091963E-14
 0.45442265612788E-14
 0.43509068870763E-14
 0.42293176092026E-14
 0.41355954349216E-14
 0.40483780826525E-14
 0.40512567235318E-14
 0.41123033282376E-14
 0.42288922482944E-14
 0.43521550982478E-14
 0.45465009598441E-14
 0.47666307667830E-14
 0.50670805196248E-14
 0.54289825847728E-14
 0.57801152139632E-14
 0.61447276604540E-14
 0.65396652192069E-14
 0.67829461237193E-14
 0.70622588540712E-14
 0.75002477739542E-14
 0.77342384243631E-14
 0.80053258024209E-14
 0.79379284115886E-14
 0.78628445899217E-14
 0.71555979262382E-14
 0.52459466362128E-14
 0.88980117823587E-14
 0.90922875517869E-14
 0.92337488071362E-14
 0.90660605293833E-14
 0.86336783271289E-14
 0.83614739519708E-14
 0.80511037309997E-14
 0.75234095544453E-14
 0.69794509339122E-14
 0.62923051359522E-14
 0.57403521515483E-14
 0.53228439742272E-14
 0.49404799602628E-14
 0.45623596312328E-14
 0.43290914382022E-14
 0.41159338607905E-14
 0.39204449514116E-14
 0.38975411626581E-14
 0.38418025933233E-14
 0.37878887693383E-14
 0.37655180192772E-14
 0.38191058868739E-14
 0.38909340910876E-14
 0.39263986190461E-14
 0.41174969949427E-14
 0.43382965011298E-14
 0.45675326214939E-14
 0.49306544860970E-14
 0.53207591223127E-14
 0.57356953219832E-14
 0.63016142690974E-14
 0.69707695663811E-14
 0.75729133297414E-14
 0.80444414271492E-14
 0.83156383734069E-14
 0.86903278468950E-14
 0.91107460933253E-14
 0.92822601873915E-14
 0.91298507351758E-14
 0.89495715602225E-14
 0.10584499439382E-13
 0.10360579862656E-13
 0.99647543133654E-14
 0.96167474561588E-14
 0.89059094560821E-14
 0.80586879224876E-14
 0.74691744780789E-14
 0.67622681645744E-14
 0.62376066530885E-14
 0.57348487793723E-14
 0.53455969007258E-14
 0.49895989313558E-14
 0.46559880315143E-14
 0.43483249686525E-14
 0.41106102528223E-14
 0.40390379599060E-14
 0.38055401685699E-14
 0.37677834231878E-14
 0.36666968269631E-14
 0.36273289595707E-14
 0.36320843521552E-14
 0.36739726240665E-14
 0.37878680746176E-14
 0.38203301645778E-14
 0.40373719555681E-14
 0.41202204805739E-14
 0.43437197086379E-14
 0.46552889781101E-14
 0.50146943822952E-14
 0.53657400731738E-14
 0.57424499836922E-14
 0.62231481124584E-14
 0.68204669935763E-14
 0.74652095297263E-14
 0.80643183687070E-14
 0.89037348049083E-14
 0.95753529662769E-14
 0.99719810721373E-14
 0.10307422152547E-13
 0.10548701006176E-13
 0.11068025799858E-13
 0.10381558055437E-13
 0.95035897764072E-14
 0.86972046718849E-14
 0.80552770795718E-14
 0.74857000910011E-14
 0.69387271435673E-14
 0.63290505501692E-14
 0.58413259686431E-14
 0.53972469216513E-14
 0.50612289226234E-14
 0.47178577209372E-14
 0.44771272679360E-14
 0.42676850544383E-14
 0.40385998930265E-14
 0.39961200283287E-14
 0.38012436156958E-14
 0.37512815805511E-14
 0.36575872927815E-14
 0.36192627660555E-14
 0.36097417852542E-14
 0.36599836344845E-14
 0.37610948703249E-14
 0.38201872845734E-14
 0.39966175961330E-14
 0.40473860584759E-14
 0.42715583651614E-14
 0.44682292310583E-14
 0.47313844028410E-14
 0.50358620187197E-14
 0.54039619184010E-14
 0.58476435055287E-14
 0.63443232391122E-14
 0.69366865517145E-14
 0.74581494191438E-14
 0.80349404158921E-14
 0.86913493196703E-14
 0.94955097030266E-14
 0.10360467758878E-13
 0.10999781571201E-13
 0.10096942925081E-13
 0.94883359908675E-14
 0.87554021417666E-14
 0.80705446164857E-14
 0.75165687145952E-14
 0.69212223277014E-14
 0.64494529585776E-14
 0.60847719346241E-14
 0.56448179361521E-14
 0.52085989075761E-14
 0.48542188734789E-14
 0.45633237110534E-14
 0.42829203503742E-14
 0.39033197446088E-14
 0.36523691036591E-14
 0.34609612020904E-14
 0.32936833727224E-14
 0.31754999216058E-14
 0.31077975756946E-14
 0.30532624252849E-14
 0.30740905917214E-14
 0.31035894227952E-14
 0.31965161621480E-14
 0.33026264377892E-14
 0.34725919261899E-14
 0.36699129039798E-14
 0.39160181269957E-14
 0.42454602178358E-14
 0.45897708493933E-14
 0.48588032978398E-14
 0.52261329755922E-14
 0.56631865193958E-14
 0.60916422953592E-14
 0.64848400600666E-14
 0.69127446932449E-14
 0.75085409488799E-14
 0.80649569933029E-14
 0.87880727394233E-14
 0.94272396839496E-14
 0.10067452958296E-13
 0.95258570354926E-14
 0.87740034466957E-14
 0.82461024455202E-14
 0.76887536419287E-14
 0.71970426800178E-14
 0.66432435771965E-14
 0.62139301224147E-14
 0.55726782641832E-14
 0.50502618478097E-14
 0.45723393632847E-14
 0.41275052697110E-14
 0.37707120954099E-14
 0.34601336776311E-14
 0.31659218351843E-14
 0.29515508638395E-14
 0.27920297156383E-14
 0.26693312903391E-14
 0.25722903254166E-14
 0.25126743799308E-14
 0.24725843948126E-14
 0.24790794821103E-14
 0.25138571820624E-14
 0.25658087164544E-14
 0.26655846680633E-14
 0.27974435429535E-14
 0.29678859979051E-14
 0.31688921394809E-14
 0.34292468165341E-14
 0.37493735605626E-14
 0.41338909798214E-14
 0.45665313924990E-14
 0.50978132667878E-14
 0.55952047705464E-14
 0.62093392953733E-14
 0.66926762342536E-14
 0.72006611370391E-14
 0.77331964910284E-14
 0.82458377114332E-14
 0.87466933839012E-14
 0.94658047602502E-14
 0.88761773341361E-14
 0.83441923224587E-14
 0.78195679288754E-14
 0.71046323523980E-14
 0.64727879446196E-14
 0.57909752578566E-14
 0.52337652742801E-14
 0.46457002137668E-14
 0.41726464089108E-14
 0.37339130400342E-14
 0.33817521889319E-14
 0.30973618495131E-14
 0.28431272733584E-14
 0.26075956550017E-14
 0.24247205799418E-14
 0.23039356732111E-14
 0.21867179006318E-14
 0.21132839201753E-14
 0.20703471018955E-14
 0.20410458727869E-14
 0.20402015419607E-14
 0.20760245282863E-14
 0.21107736426682E-14
 0.21914958762735E-14
 0.22988744124641E-14
 0.24441391599941E-14
 0.26110411955564E-14
 0.28233228141896E-14
 0.30806105400324E-14
 0.33890166752929E-14
 0.37392583012183E-14
 0.42133488719281E-14
 0.46746686980325E-14
 0.52378154000916E-14
 0.58079142083517E-14
 0.65009368649716E-14
 0.71427942703029E-14
 0.78432173316309E-14
 0.83647060344369E-14
 0.88281146572026E-14
 0.83285757982043E-14
 0.75760918665800E-14
 0.67344772784134E-14
 0.60018923051185E-14
 0.54059091206410E-14
 0.48056105072183E-14
 0.43636088468902E-14
 0.38870027687640E-14
 0.35094360474049E-14
 0.31099299948509E-14
 0.28232378663058E-14
 0.25843058612185E-14
 0.23625746156626E-14
 0.21818077305582E-14
 0.20287181173071E-14
 0.19245103157866E-14
 0.18381995021687E-14
 0.17716142757722E-14
 0.17291817526921E-14
 0.17152855643435E-14
 0.17005590891229E-14
 0.17431128626462E-14
 0.17814179988023E-14
 0.18266076891749E-14
 0.19291346115255E-14
 0.20444451301844E-14
 0.21750208839828E-14
 0.23743764523820E-14
 0.25861233955516E-14
 0.28333674315757E-14
 0.31269603949885E-14
 0.35139760561126E-14
 0.39071044628069E-14
 0.43818353085036E-14
 0.48328062538791E-14
 0.54348106374074E-14
 0.59885888150278E-14
 0.67082350365939E-14
 0.74950229843998E-14
 0.83174683439528E-14
 0.70199374315469E-14
 0.62862852047752E-14
 0.56663395138873E-14
 0.50759986602239E-14
 0.45812826049067E-14
 0.40577461447489E-14
 0.36743139494832E-14
 0.32837639042307E-14
 0.29404579921700E-14
 0.26339253006123E-14
 0.24010014720343E-14
 0.21786300218359E-14
 0.20022890679867E-14
 0.18533338639658E-14
 0.17244669621673E-14
 0.16328880611907E-14
 0.15569422545453E-14
 0.15051806448253E-14
 0.14643275148274E-14
 0.14517093759602E-14
 0.14454763865869E-14
 0.14790246813320E-14
 0.15086610514441E-14
 0.15592228692433E-14
 0.16359126080439E-14
 0.17320920151566E-14
 0.18418976609918E-14
 0.20016939541805E-14
 0.21924121945437E-14
 0.23924582764668E-14
 0.26341417529003E-14
 0.29480699445562E-14
 0.32822105842085E-14
 0.36945587517230E-14
 0.40719378246733E-14
 0.45845025391789E-14
 0.50772169462484E-14
 0.56811629998147E-14
 0.63314888976193E-14
 0.69773408656748E-14
 0.59218915650236E-14
 0.53468901863304E-14
 0.48518355983666E-14
 0.43577925514032E-14
 0.39151448783323E-14
 0.34687583743560E-14
 0.31414545620962E-14
 0.28018471528004E-14
 0.25183294514737E-14
 0.22593020137761E-14
 0.20364303017574E-14
 0.18582252614773E-14
 0.17181871098013E-14
 0.15746894193461E-14
 0.14839950264283E-14
 0.13997283745620E-14
 0.13281868890467E-14
 0.12816150406198E-14
 0.12575903052122E-14
 0.12450080461233E-14
 0.12392875171207E-14
 0.12643636780452E-14
 0.12836344345266E-14
 0.13305923880646E-14
 0.13955579656542E-14
 0.14887691907982E-14
 0.15804688459644E-14
 0.17081286209037E-14
 0.18738389422020E-14
 0.20531132185171E-14
 0.22549181891025E-14
 0.25186608661451E-14
 0.28060013761683E-14
 0.31589112622882E-14
 0.34743728430551E-14
 0.39008631870084E-14
 0.43506481967756E-14
 0.48487838398111E-14
 0.53706865915329E-14
 0.59461110249025E-14
 0.51213446828149E-14
 0.46381325925881E-14
 0.41973128752420E-14
 0.37347486776951E-14
 0.33802895507530E-14
 0.29942878770752E-14
 0.27212395124864E-14
 0.24127067498624E-14
 0.21651458340519E-14
 0.19434950333830E-14
 0.17610704641364E-14
 0.16115699149046E-14
 0.14794629905630E-14
 0.13603481278362E-14
 0.12819931466255E-14
 0.12132858298306E-14
 0.11478691913876E-14
 0.11087771215794E-14
 0.10892446875143E-14
 0.10762945254752E-14
 0.10728449272721E-14
 0.10910152840595E-14
 0.11108058155846E-14
 0.11468280583925E-14
 0.12060160676402E-14
 0.12813093958618E-14
 0.13691422125183E-14
 0.14765448150681E-14
 0.16087703797915E-14
 0.17655171867107E-14
 0.19477836106974E-14
 0.21599776020229E-14
 0.24192003704498E-14
 0.27232681913480E-14
 0.30079869647645E-14
 0.33704690901896E-14
 0.37523574063835E-14
 0.42023095818080E-14
 0.46438616968168E-14
 0.51006493620503E-14
 0.42460457971656E-14
 0.38701196471016E-14
 0.34784177777736E-14
 0.30966994108057E-14
 0.27848934229909E-14
 0.24627014020340E-14
 0.22349263835430E-14
 0.19801208695510E-14
 0.17803405494410E-14
 0.15790594352775E-14
 0.14371928708336E-14
 0.13102829231282E-14
 0.11935938699173E-14
 0.11004754968861E-14
 0.10308168725455E-14
 0.97238837694462E-15
 0.91847339796666E-15
 0.89086003163402E-15
 0.87091643616270E-15
 0.86164275945849E-15
 0.85931149970058E-15
 0.87679913792501E-15
 0.89620860195183E-15
 0.92140152873885E-15
 0.96719777444182E-15
 0.10279388363485E-14
 0.11010521734180E-14
 0.11982130592160E-14
 0.13062574576526E-14
 0.14373826943065E-14
 0.15945482864572E-14
 0.17736803060272E-14
 0.19776649613957E-14
 0.22344821880090E-14
 0.24763261297263E-14
 0.27836502234436E-14
 0.30970454533062E-14
 0.34804863434600E-14
 0.38577126271615E-14
 0.42653076244114E-14
  
