           1
         100
  
  0.4690939307379E+01   0.3296243787410E-19
  0.4690945629103E+01   0.3296236256119E-19
  0.4690951950844E+01   0.3296228724848E-19
  0.4690958272602E+01   0.3296221193580E-19
  0.4690964594377E+01   0.3296213662317E-19
  0.4690970916169E+01   0.3296206131065E-19
  0.4690977237978E+01   0.3296198599850E-19
  0.4690983559804E+01   0.3296191068697E-19
  0.4690989881647E+01   0.3296183537646E-19
  0.4690996203507E+01   0.3296176006797E-19
  0.4691002525385E+01   0.3296168476342E-19
  0.4691008847279E+01   0.3296160946661E-19
  0.4691015169190E+01   0.3296153418407E-19
  0.4691021491118E+01   0.3296145892773E-19
  0.4691027813064E+01   0.3296138371880E-19
  0.4691034135026E+01   0.3296130859405E-19
  0.4691040457006E+01   0.3296123361611E-19
  0.4691046779002E+01   0.3296115888846E-19
  0.4691053101016E+01   0.3296108457994E-19
  0.4691059423046E+01   0.3296101095955E-19
  0.4691065745094E+01   0.3296093844671E-19
  0.4691072067158E+01   0.3296086768102E-19
  0.4691078389240E+01   0.3296079961542E-19
  0.4691084711339E+01   0.3296073563803E-19
  0.4691091033455E+01   0.3296067772272E-19
  0.4691097355587E+01   0.3296062860796E-19
  0.4691103677737E+01   0.3296059199647E-19
  0.4691109999904E+01   0.3296057276187E-19
  0.4691116322088E+01   0.3296057713965E-19
  0.4691122644289E+01   0.3296061286871E-19
  0.4691128966507E+01   0.3296068924162E-19
  0.4691135288742E+01   0.3296081701379E-19
  0.4691141610994E+01   0.3296100812165E-19
  0.4691147933263E+01   0.3296127516383E-19
  0.4691154255549E+01   0.3296163061626E-19
  0.4691160577853E+01   0.3296208577855E-19
  0.4691166900173E+01   0.3296264948551E-19
  0.4691173222510E+01   0.3296332666360E-19
  0.4691179544865E+01   0.3296411685583E-19
  0.4691185867236E+01   0.3296501288020E-19
  0.4691192189624E+01   0.3296599981229E-19
  0.4691198512030E+01   0.3296705448380E-19
  0.4691204834452E+01   0.3296814566626E-19
  0.4691211156892E+01   0.3296923504731E-19
  0.4691217479349E+01   0.3297027902624E-19
  0.4691223801822E+01   0.3297123125132E-19
  0.4691230124313E+01   0.3297204571495E-19
  0.4691236446821E+01   0.3297268013118E-19
  0.4691242769345E+01   0.3297309925336E-19
  0.4691249091887E+01   0.3297327777214E-19
  0.4691255414446E+01   0.3297320246185E-19
  0.4691261737022E+01   0.3297287332235E-19
  0.4691268059615E+01   0.3297230357934E-19
  0.4691274382225E+01   0.3297151854227E-19
  0.4691280704852E+01   0.3297055345795E-19
  0.4691287027496E+01   0.3296945061229E-19
  0.4691293350157E+01   0.3296825601257E-19
  0.4691299672835E+01   0.3296701601069E-19
  0.4691305995530E+01   0.3296577420740E-19
  0.4691312318242E+01   0.3296456891525E-19
  0.4691318640972E+01   0.3296343136256E-19
  0.4691324963718E+01   0.3296238471735E-19
  0.4691331286481E+01   0.3296144390428E-19
  0.4691337609262E+01   0.3296061610538E-19
  0.4691343932059E+01   0.3295990177781E-19
  0.4691350254874E+01   0.3295929599486E-19
  0.4691356577705E+01   0.3295878992159E-19
  0.4691362900554E+01   0.3295837225856E-19
  0.4691369223419E+01   0.3295803052995E-19
  0.4691375546302E+01   0.3295775213718E-19
  0.4691381869202E+01   0.3295752514359E-19
  0.4691388192118E+01   0.3295733879368E-19
  0.4691394515052E+01   0.3295718379505E-19
  0.4691400838003E+01   0.3295705240893E-19
  0.4691407160971E+01   0.3295693839982E-19
  0.4691413483956E+01   0.3295683689383E-19
  0.4691419806958E+01   0.3295674418830E-19
  0.4691426129977E+01   0.3295665754486E-19
  0.4691432453013E+01   0.3295657498979E-19
  0.4691438776066E+01   0.3295649513488E-19
  0.4691445099136E+01   0.3295641702692E-19
  0.4691451422223E+01   0.3295634002646E-19
  0.4691457745328E+01   0.3295626371414E-19
  0.4691464068449E+01   0.3295618782119E-19
  0.4691470391587E+01   0.3295611217854E-19
  0.4691476714742E+01   0.3295603668245E-19
  0.4691483037915E+01   0.3295596127054E-19
  0.4691489361104E+01   0.3295588590605E-19
  0.4691495684311E+01   0.3295581056800E-19
  0.4691502007534E+01   0.3295573524416E-19
  0.4691508330775E+01   0.3295565992787E-19
  0.4691514654033E+01   0.3295558461552E-19
  0.4691520977307E+01   0.3295550930528E-19
  0.4691527300599E+01   0.3295543399621E-19
  0.4691533623908E+01   0.3295535868765E-19
  0.4691539947234E+01   0.3295528337933E-19
  0.4691546270576E+01   0.3295520807112E-19
  0.4691552593936E+01   0.3295513276311E-19
  0.4691558917313E+01   0.3295505745522E-19
  0.4691565240707E+01   0.3295498214735E-19
